app/build/outputs/logs/manifest-merger-debug-report.txt
-- Merging decision tree log ---
manifest
ADDED from src/main/AndroidManifest.xml:2:1-33:12
	package
		ADDED from src/main/AndroidManifest.xml:3:5-39
		INJECTED from src/main/AndroidManifest.xml
		INJECTED from src/main/AndroidManifest.xml
	android:versionName
		ADDED from src/main/AndroidManifest.xml:5:5-30
		INJECTED from src/main/AndroidManifest.xml
		INJECTED from src/main/AndroidManifest.xml
	android:versionCode
		ADDED from src/main/AndroidManifest.xml:4:5-28
		INJECTED from src/main/AndroidManifest.xml
		INJECTED from src/main/AndroidManifest.xml
	xmlns:android
		ADDED from src/main/AndroidManifest.xml:2:11-69
uses-sdk
ADDED from src/main/AndroidManifest.xml:7:5-44
	android:targetSdkVersion
		INJECTED from src/main/AndroidManifest.xml
		INJECTED from src/main/AndroidManifest.xml
	android:minSdkVersion
		ADDED from src/main/AndroidManifest.xml:7:15-41
		INJECTED from src/main/AndroidManifest.xml
		INJECTED from src/main/AndroidManifest.xml
uses-permission#android.permission.RECORD_AUDIO
ADDED from src/main/AndroidManifest.xml:9:5-71
	android:name
		ADDED from src/main/AndroidManifest.xml:9:22-68
uses-permission#android.permission.WRITE_EXTERNAL_STORAGE
ADDED from src/main/AndroidManifest.xml:10:5-81
	android:name
		ADDED from src/main/AndroidManifest.xml:10:22-78
supports-screens
ADDED from src/main/AndroidManifest.xml:12:5-17:40
	android:largeScreens
		ADDED from src/main/AndroidManifest.xml:14:9-36
	android:smallScreens
		ADDED from src/main/AndroidManifest.xml:16:9-36
	android:normalScreens
		ADDED from src/main/AndroidManifest.xml:15:9-37
	android:xlargeScreens
		ADDED from src/main/AndroidManifest.xml:17:9-37
	android:anyDensity
		ADDED from src/main/AndroidManifest.xml:13:9-34
application
ADDED from src/main/AndroidManifest.xml:19:5-31:19
	android:label
		ADDED from src/main/AndroidManifest.xml:21:9-41
	android:icon
		ADDED from src/main/AndroidManifest.xml:20:9-45
activity#com.dipak.audiorecording.AudioRecordingActivity
ADDED from src/main/AndroidManifest.xml:22:9-30:20
	android:label
		ADDED from src/main/AndroidManifest.xml:24:13-45
	android:name
		ADDED from src/main/AndroidManifest.xml:23:13-51
intent-filter#android.intent.action.MAIN+android.intent.category.LAUNCHER
ADDED from src/main/AndroidManifest.xml:25:13-29:29
action#android.intent.action.MAIN
ADDED from src/main/AndroidManifest.xml:26:17-69
	android:name
		ADDED from src/main/AndroidManifest.xml:26:25-66
category#android.intent.category.LAUNCHER
ADDED from src/main/AndroidManifest.xml:28:17-77
	android:name
		ADDED from src/main/AndroidManifest.xml:28:27-74